[INFO   ] - ⚡️[server]: Server is running at http://localhost:5000
[INFO   ] - ⚡️[server]: Server is running at http://localhost:5000
[INFO   ] - ⚡️[server]: Server is running at http://localhost:5000
[INFO   ] - ⚡️[server]: Server is running at http://localhost:5000
[INFO   ] - ⚡️[server]: Server is running at http://localhost:5000
[INFO   ] - ⚡️[server]: Server is running at http://localhost:5000
[INFO   ] - ⚡️[server]: Server is running at http://localhost:5000
[INFO   ] - ⚡️[server]: Server is running at http://localhost:5000
[INFO   ] - ⚡️[server]: Server is running at http://localhost:5000
[INFO   ] - ⚡️[server]: Server is running at http://localhost:5000
[INFO   ] - ⚡️[server]: Server is running at http://localhost:5000
[INFO   ] - ⚡️[server]: Server is running at http://localhost:5000
[INFO   ] - ⚡️[server]: Server is running at http://localhost:5000
[INFO   ] - ⚡️[server]: Server is running at http://localhost:5000
[INFO   ] - ⚡️[server]: Server is running at http://localhost:5000
[ERROR  ] - Cannot read properties of undefined (reading 'cart')
[ERROR  ] - Cannot read properties of undefined (reading 'cart')
[INFO   ] - ⚡️[server]: Server is running at http://localhost:5000
[ERROR  ] - Cannot read properties of undefined (reading 'cart')
[INFO   ] - ⚡️[server]: Server is running at http://localhost:5000
[INFO   ] - ⚡️[server]: Server is running at http://localhost:5000
[INFO   ] - ⚡️[server]: Server is running at http://localhost:5000
[INFO   ] - ⚡️[server]: Server is running at http://localhost:5000
[ERROR  ] - Operation `customers.findOne()` buffering timed out after 10000ms
[ERROR  ] - Operation `customers.findOne()` buffering timed out after 10000ms
[ERROR  ] - Operation `customers.findOne()` buffering timed out after 10000ms
[INFO   ] - ⚡️[server]: Server is running at http://localhost:5000
[DEBUG  ] - "product" is required
[INFO   ] - ⚡️[server]: Server is running at http://localhost:5000
[ERROR  ] - Cannot populate path `cart.items.productId` because it is not in your schema. Set the `strictPopulate` option to false to override.
[INFO   ] - ⚡️[server]: Server is running at http://localhost:5000
[INFO   ] - ⚡️[server]: Server is running at http://localhost:5000
[INFO   ] - ⚡️[server]: Server is running at http://localhost:5000
[INFO   ] - ⚡️[server]: Server is running at http://localhost:5000
[INFO   ] - ⚡️[server]: Server is running at http://localhost:5000
[INFO   ] - ⚡️[server]: Server is running at http://localhost:5000
[INFO   ] - ⚡️[server]: Server is running at http://localhost:5000
[INFO   ] - ⚡️[server]: Server is running at http://localhost:5000
[DEBUG  ] - Please Add Products to Cart
[INFO   ] - ⚡️[server]: Server is running at http://localhost:5000
[INFO   ] - ⚡️[server]: Server is running at http://localhost:5000
[INFO   ] - ⚡️[server]: Server is running at http://localhost:5000
[INFO   ] - ⚡️[server]: Server is running at http://localhost:5000
[INFO   ] - ⚡️[server]: Server is running at http://localhost:5000
[INFO   ] - ⚡️[server]: Server is running at http://localhost:5000
[INFO   ] - ⚡️[server]: Server is running at http://localhost:5000
[INFO   ] - ⚡️[server]: Server is running at http://localhost:5000
[INFO   ] - ⚡️[server]: Server is running at http://localhost:5000
[INFO   ] - ⚡️[server]: Server is running at http://localhost:5000
[INFO   ] - ⚡️[server]: Server is running at http://localhost:5000
[INFO   ] - ⚡️[server]: Server is running at http://localhost:5000
[INFO   ] - ⚡️[server]: Server is running at http://localhost:5000
[INFO   ] - ⚡️[server]: Server is running at http://localhost:5000
[INFO   ] - ⚡️[server]: Server is running at http://localhost:5000
[INFO   ] - ⚡️[server]: Server is running at http://localhost:5000
[INFO   ] - ⚡️[server]: Server is running at http://localhost:5000
[INFO   ] - ⚡️[server]: Server is running at http://localhost:5000
[ERROR  ] - Operation `customers.findOne()` buffering timed out after 10000ms
[ERROR  ] - Operation `customers.findOne()` buffering timed out after 10000ms
[INFO   ] - ⚡️[server]: Server is running at http://localhost:5000
[INFO   ] - ⚡️[server]: Server is running at http://localhost:5000
[INFO   ] - ⚡️[server]: Server is running at http://localhost:5000
[INFO   ] - ⚡️[server]: Server is running at http://localhost:5000
[INFO   ] - ⚡️[server]: Server is running at http://localhost:5000
[INFO   ] - ⚡️[server]: Server is running at http://localhost:5000
[INFO   ] - ⚡️[server]: Server is running at http://localhost:5000
[INFO   ] - ⚡️[server]: Server is running at http://localhost:5000
[INFO   ] - ⚡️[server]: Server is running at http://localhost:5000
[INFO   ] - ⚡️[server]: Server is running at http://localhost:5000
[ERROR  ] - Cannot create field 'items' in element {cart: [ { product: ObjectId('63500b4d82a7067afe14cc8e'), quantity: 2, _id: ObjectId('63505902785f3a450dd67849') } ]}
[ERROR  ] - Cannot read properties of undefined (reading 'product')
[ERROR  ] - Cannot create field 'items' in element {cart: [ { product: ObjectId('63500b4d82a7067afe14cc8e'), quantity: 2, _id: ObjectId('63505902785f3a450dd67849') } ]}
[ERROR  ] - Cannot create field 'items' in element {cart: [ { product: ObjectId('63500b4d82a7067afe14cc8e'), quantity: 2, _id: ObjectId('63505902785f3a450dd67849') } ]}
[INFO   ] - register endpoint
[INFO   ] - login endpoint
[INFO   ] - ⚡️[server]: Server is running at http://localhost:5000
[INFO   ] - ⚡️[server]: Server is running at http://localhost:5000
[INFO   ] - ⚡️[server]: Server is running at http://localhost:5000
[INFO   ] - ⚡️[server]: Server is running at http://localhost:5000
[INFO   ] - ⚡️[server]: Server is running at http://localhost:5000
[INFO   ] - ⚡️[server]: Server is running at http://localhost:5000
[INFO   ] - ⚡️[server]: Server is running at http://localhost:5000
[INFO   ] - ⚡️[server]: Server is running at http://localhost:5000
[INFO   ] - ⚡️[server]: Server is running at http://localhost:5000
[INFO   ] - ⚡️[server]: Server is running at http://localhost:5000
[INFO   ] - ⚡️[server]: Server is running at http://localhost:5000
[INFO   ] - ⚡️[server]: Server is running at http://localhost:5000
[INFO   ] - ⚡️[server]: Server is running at http://localhost:5000
[INFO   ] - ⚡️[server]: Server is running at http://localhost:5000
[INFO   ] - ⚡️[server]: Server is running at http://localhost:5000
[INFO   ] - ⚡️[server]: Server is running at http://localhost:5000
[INFO   ] - ⚡️[server]: Server is running at http://localhost:5000
[INFO   ] - ⚡️[server]: Server is running at http://localhost:5000
[INFO   ] - ⚡️[server]: Server is running at http://localhost:5000
[INFO   ] - ⚡️[server]: Server is running at http://localhost:5000
[INFO   ] - ⚡️[server]: Server is running at http://localhost:5000
[INFO   ] - ⚡️[server]: Server is running at http://localhost:5000
[INFO   ] - ⚡️[server]: Server is running at http://localhost:5000
[INFO   ] - ⚡️[server]: Server is running at http://localhost:5000
[INFO   ] - ⚡️[server]: Server is running at http://localhost:5000
[DEBUG  ] - "price" must be a number reqId: 654b4350-4ff0-11ed-8deb-158dfa488224
[INFO   ] - ⚡️[server]: Server is running at http://localhost:5000
[INFO   ] - ⚡️[server]: Server is running at http://localhost:5000
[INFO   ] - ⚡️[server]: Server is running at http://localhost:5000
[INFO   ] - ⚡️[server]: Server is running at http://localhost:5000
[INFO   ] - ⚡️[server]: Server is running at http://localhost:5000
[INFO   ] - ⚡️[server]: Server is running at http://localhost:5000
[INFO   ] - ⚡️[server]: Server is running at http://localhost:5000
[INFO   ] - ⚡️[server]: Server is running at http://localhost:5000
[INFO   ] - ⚡️[server]: Server is running at http://localhost:5000
[INFO   ] - ⚡️[server]: Server is running at http://localhost:5000
[INFO   ] - ⚡️[server]: Server is running at http://localhost:5000
[INFO   ] - ⚡️[server]: Server is running at http://localhost:5000
[INFO   ] - ⚡️[server]: Server is running at http://localhost:5000
[INFO   ] - ⚡️[server]: Server is running at http://localhost:5000
[INFO   ] - ⚡️[server]: Server is running at http://localhost:5000
[INFO   ] - ⚡️[server]: Server is running at http://localhost:5000
[INFO   ] - ⚡️[server]: Server is running at http://localhost:5000
[INFO   ] - ⚡️[server]: Server is running at http://localhost:5000
[INFO   ] - ⚡️[server]: Server is running at http://localhost:5000
[INFO   ] - ⚡️[server]: Server is running at http://localhost:5000
[INFO   ] - ⚡️[server]: Server is running at http://localhost:5000
[INFO   ] - ⚡️[server]: Server is running at http://localhost:5000
[INFO   ] - ⚡️[server]: Server is running at http://localhost:5000
[INFO   ] - ⚡️[server]: Server is running at http://localhost:5000
[INFO   ] - ⚡️[server]: Server is running at http://localhost:5000
[INFO   ] - ⚡️[server]: Server is running at http://localhost:5000
[INFO   ] - ⚡️[server]: Server is running at http://localhost:5000
[INFO   ] - ⚡️[server]: Server is running at http://localhost:5000
[INFO   ] - ⚡️[server]: Server is running at http://localhost:5000
[INFO   ] - ⚡️[server]: Server is running at http://localhost:5000
[INFO   ] - ⚡️[server]: Server is running at http://localhost:5000
[INFO   ] - ⚡️[server]: Server is running at http://localhost:5000
[INFO   ] - ⚡️[server]: Server is running at http://localhost:5000
[INFO   ] - ⚡️[server]: Server is running at http://localhost:5000
[INFO   ] - ⚡️[server]: Server is running at http://localhost:5000
[INFO   ] - ⚡️[server]: Server is running at http://localhost:5000
[INFO   ] - ⚡️[server]: Server is running at http://localhost:5000
[INFO   ] - ⚡️[server]: Server is running at http://localhost:5000
